2014-4-11 10:20:43 org.apache.coyote.http11.Http11AprProtocol pause
信息: Pausing Coyote HTTP/1.1 on http-20134
2014-4-11 10:20:43 org.apache.coyote.ajp.AjpAprProtocol pause
信息: Pausing Coyote AJP/1.3 on ajp-24134
2014-4-11 10:20:44 org.apache.catalina.core.StandardService stop
信息: Stopping service Catalina
2014-4-11 10:20:44 org.apache.coyote.http11.Http11AprProtocol destroy
信息: Stopping Coyote HTTP/1.1 on http-20134
2014-4-11 10:20:44 org.apache.coyote.ajp.AjpAprProtocol destroy
信息: Stopping Coyote AJP/1.3 on ajp-24134
2014-4-11 10:21:08 org.apache.catalina.core.AprLifecycleListener init
信息: Loaded APR based Apache Tomcat Native library 1.1.20.
2014-4-11 10:21:09 org.apache.catalina.core.AprLifecycleListener init
信息: APR capabilities: IPv6 [true], sendfile [true], accept filters [false], random [true].
2014-4-11 10:21:10 org.apache.coyote.http11.Http11AprProtocol init
信息: Initializing Coyote HTTP/1.1 on http-20134
2014-4-11 10:21:10 org.apache.coyote.ajp.AjpAprProtocol init
信息: Initializing Coyote AJP/1.3 on ajp-24134
2014-4-11 10:21:10 org.apache.catalina.startup.Catalina load
信息: Initialization processed in 2903 ms
2014-4-11 10:21:11 org.apache.catalina.core.StandardService start
信息: Starting service Catalina
2014-4-11 10:21:11 org.apache.catalina.core.StandardEngine start
信息: Starting Servlet Engine: Apache Tomcat/6.0.32
2014-4-11 10:21:11 org.apache.catalina.startup.HostConfig deployDirectory
信息: Deploying web application directory logs
2014-4-11 10:21:11 org.apache.catalina.startup.HostConfig deployDirectory
信息: Deploying web application directory ROOT
2014-4-11 10:21:11 org.apache.coyote.http11.Http11AprProtocol start
信息: Starting Coyote HTTP/1.1 on http-20134
2014-4-11 10:21:11 org.apache.coyote.ajp.AjpAprProtocol start
信息: Starting Coyote AJP/1.3 on ajp-24134
2014-4-11 10:21:11 org.apache.catalina.startup.Catalina start
信息: Server startup in 832 ms
2014-4-11 11:00:02 org.apache.catalina.startup.HostConfig checkResources
信息: Reloading context []
2014-4-11 11:00:03 org.apache.tomcat.util.modeler.Registry registerComponent
严重: Null component Catalina:type=JspMonitor,name=jsp,WebModule=//localhost/,J2EEApplication=none,J2EEServer=none
2014-4-11 11:00:03 org.apache.catalina.core.ContainerBase$ContainerBackgroundProcessor processChildren
严重: Exception invoking periodic operation: 
java.lang.UnsupportedClassVersionError: com/jeecms/common/web/XssFilter : Unsupported major.minor version 51.0 (unable to load class com.jeecms.common.web.XssFilter)
	at org.apache.catalina.loader.WebappClassLoader.findClassInternal(WebappClassLoader.java:2822)
	at org.apache.catalina.loader.WebappClassLoader.findClass(WebappClassLoader.java:1159)
	at org.apache.catalina.loader.WebappClassLoader.loadClass(WebappClassLoader.java:1647)
	at org.apache.catalina.loader.WebappClassLoader.loadClass(WebappClassLoader.java:1526)
	at org.apache.catalina.startup.WebAnnotationSet.loadClassAnnotation(WebAnnotationSet.java:145)
	at org.apache.catalina.startup.WebAnnotationSet.loadApplicationFilterAnnotations(WebAnnotationSet.java:84)
	at org.apache.catalina.startup.WebAnnotationSet.loadApplicationAnnotations(WebAnnotationSet.java:57)
	at org.apache.catalina.startup.ContextConfig.applicationAnnotationsConfig(ContextConfig.java:297)
	at org.apache.catalina.startup.ContextConfig.start(ContextConfig.java:1078)
	at org.apache.catalina.startup.ContextConfig.lifecycleEvent(ContextConfig.java:261)
	at org.apache.catalina.util.LifecycleSupport.fireLifecycleEvent(LifecycleSupport.java:142)
	at org.apache.catalina.core.StandardContext.start(StandardContext.java:4611)
	at org.apache.catalina.startup.HostConfig.checkResources(HostConfig.java:1282)
	at org.apache.catalina.startup.HostConfig.check(HostConfig.java:1380)
	at org.apache.catalina.startup.HostConfig.lifecycleEvent(HostConfig.java:306)
	at org.apache.catalina.util.LifecycleSupport.fireLifecycleEvent(LifecycleSupport.java:142)
	at org.apache.catalina.core.ContainerBase.backgroundProcess(ContainerBase.java:1385)
	at org.apache.catalina.core.ContainerBase$ContainerBackgroundProcessor.processChildren(ContainerBase.java:1649)
	at org.apache.catalina.core.ContainerBase$ContainerBackgroundProcessor.processChildren(ContainerBase.java:1658)
	at org.apache.catalina.core.ContainerBase$ContainerBackgroundProcessor.run(ContainerBase.java:1638)
	at java.lang.Thread.run(Thread.java:619)
2014-4-11 11:00:13 org.apache.catalina.startup.HostConfig checkResources
信息: Reloading context []
2014-4-11 11:00:13 org.apache.catalina.startup.HostConfig checkResources
警告: Error during context [] restart
LifecycleException:  Manager has not yet been started
	at org.apache.catalina.session.StandardManager.stop(StandardManager.java:671)
	at org.apache.catalina.core.StandardContext.stop(StandardContext.java:4875)
	at org.apache.catalina.startup.HostConfig.checkResources(HostConfig.java:1274)
	at org.apache.catalina.startup.HostConfig.check(HostConfig.java:1380)
	at org.apache.catalina.startup.HostConfig.lifecycleEvent(HostConfig.java:306)
	at org.apache.catalina.util.LifecycleSupport.fireLifecycleEvent(LifecycleSupport.java:142)
	at org.apache.catalina.core.ContainerBase.backgroundProcess(ContainerBase.java:1385)
	at org.apache.catalina.core.ContainerBase$ContainerBackgroundProcessor.processChildren(ContainerBase.java:1649)
	at org.apache.catalina.core.ContainerBase$ContainerBackgroundProcessor.processChildren(ContainerBase.java:1658)
	at org.apache.catalina.core.ContainerBase$ContainerBackgroundProcessor.run(ContainerBase.java:1638)
	at java.lang.Thread.run(Thread.java:619)
2014-4-11 11:00:13 org.apache.catalina.core.StandardContext start
信息: Container org.apache.catalina.core.ContainerBase.[Catalina].[localhost].[/] has already been started
2014-4-11 11:10:48 org.apache.coyote.http11.Http11AprProtocol pause
信息: Pausing Coyote HTTP/1.1 on http-20134
2014-4-11 11:10:48 org.apache.coyote.ajp.AjpAprProtocol pause
信息: Pausing Coyote AJP/1.3 on ajp-24134
2014-4-11 11:10:49 org.apache.catalina.core.StandardService stop
信息: Stopping service Catalina
2014-4-11 11:10:49 org.apache.catalina.core.ContainerBase stop
信息: Container org.apache.catalina.core.ContainerBase.[Catalina].[localhost].[/].[DbFile] has not been started
2014-4-11 11:10:49 org.apache.catalina.core.ContainerBase stop
信息: Container org.apache.catalina.core.ContainerBase.[Catalina].[localhost].[/].[JeeCmsAdmin] has not been started
2014-4-11 11:10:49 org.apache.catalina.core.ContainerBase stop
信息: Container org.apache.catalina.core.ContainerBase.[Catalina].[localhost].[/].[jsp] has not been started
2014-4-11 11:10:49 org.apache.catalina.core.ContainerBase stop
信息: Container org.apache.catalina.core.ContainerBase.[Catalina].[localhost].[/].[default] has not been started
2014-4-11 11:10:49 org.apache.catalina.core.ContainerBase stop
信息: Container org.apache.catalina.core.ContainerBase.[Catalina].[localhost].[/].[Jcaptcha] has not been started
2014-4-11 11:10:49 org.apache.catalina.core.ContainerBase stop
信息: Container org.apache.catalina.core.ContainerBase.[Catalina].[localhost].[/].[JeeCmsFront] has not been started
2014-4-11 11:10:49 org.apache.catalina.core.ContainerBase removeChild
严重: ContainerBase.removeChild: stop: 
LifecycleException:  Manager has not yet been started
	at org.apache.catalina.session.StandardManager.stop(StandardManager.java:671)
	at org.apache.catalina.core.StandardContext.stop(StandardContext.java:4875)
	at org.apache.catalina.core.ContainerBase.removeChild(ContainerBase.java:932)
	at org.apache.catalina.startup.HostConfig.undeployApps(HostConfig.java:1357)
	at org.apache.catalina.startup.HostConfig.stop(HostConfig.java:1328)
	at org.apache.catalina.startup.HostConfig.lifecycleEvent(HostConfig.java:326)
	at org.apache.catalina.util.LifecycleSupport.fireLifecycleEvent(LifecycleSupport.java:142)
	at org.apache.catalina.core.ContainerBase.stop(ContainerBase.java:1094)
	at org.apache.catalina.core.ContainerBase.stop(ContainerBase.java:1106)
	at org.apache.catalina.core.StandardEngine.stop(StandardEngine.java:468)
	at org.apache.catalina.core.StandardService.stop(StandardService.java:604)
	at org.apache.catalina.core.StandardServer.stop(StandardServer.java:788)
	at org.apache.catalina.startup.Catalina.stopServer(Catalina.java:408)
	at sun.reflect.NativeMethodAccessorImpl.invoke0(Native Method)
	at sun.reflect.NativeMethodAccessorImpl.invoke(NativeMethodAccessorImpl.java:39)
	at sun.reflect.DelegatingMethodAccessorImpl.invoke(DelegatingMethodAccessorImpl.java:25)
	at java.lang.reflect.Method.invoke(Method.java:597)
	at org.apache.catalina.startup.Bootstrap.stopServer(Bootstrap.java:338)
	at org.apache.catalina.startup.Bootstrap.main(Bootstrap.java:416)
2014-4-11 11:10:49 org.apache.catalina.core.ContainerBase stop
信息: Container org.apache.catalina.core.ContainerBase.[Catalina].[localhost].[/].[DbFile] has not been started
2014-4-11 11:10:49 org.apache.catalina.core.ContainerBase stop
信息: Container org.apache.catalina.core.ContainerBase.[Catalina].[localhost].[/].[JeeCmsAdmin] has not been started
2014-4-11 11:10:49 org.apache.catalina.core.ContainerBase stop
信息: Container org.apache.catalina.core.ContainerBase.[Catalina].[localhost].[/].[jsp] has not been started
2014-4-11 11:10:49 org.apache.catalina.core.ContainerBase stop
信息: Container org.apache.catalina.core.ContainerBase.[Catalina].[localhost].[/].[default] has not been started
2014-4-11 11:10:49 org.apache.catalina.core.ContainerBase stop
信息: Container org.apache.catalina.core.ContainerBase.[Catalina].[localhost].[/].[Jcaptcha] has not been started
2014-4-11 11:10:49 org.apache.catalina.core.ContainerBase stop
信息: Container org.apache.catalina.core.ContainerBase.[Catalina].[localhost].[/].[JeeCmsFront] has not been started
2014-4-11 11:10:49 org.apache.catalina.core.StandardContext preDeregister
严重: error stopping 
LifecycleException:  Manager has not yet been started
	at org.apache.catalina.session.StandardManager.stop(StandardManager.java:671)
	at org.apache.catalina.core.StandardContext.stop(StandardContext.java:4875)
	at org.apache.catalina.core.StandardContext.preDeregister(StandardContext.java:5631)
	at org.apache.tomcat.util.modeler.BaseModelMBean.preDeregister(BaseModelMBean.java:1130)
	at com.sun.jmx.interceptor.DefaultMBeanServerInterceptor.preDeregisterInvoke(DefaultMBeanServerInterceptor.java:1048)
	at com.sun.jmx.interceptor.DefaultMBeanServerInterceptor.exclusiveUnregisterMBean(DefaultMBeanServerInterceptor.java:421)
	at com.sun.jmx.interceptor.DefaultMBeanServerInterceptor.unregisterMBean(DefaultMBeanServerInterceptor.java:403)
	at com.sun.jmx.mbeanserver.JmxMBeanServer.unregisterMBean(JmxMBeanServer.java:506)
	at org.apache.catalina.mbeans.MBeanUtils.destroyMBean(MBeanUtils.java:1463)
	at org.apache.catalina.mbeans.ServerLifecycleListener.destroyMBeans(ServerLifecycleListener.java:726)
	at org.apache.catalina.mbeans.ServerLifecycleListener.processContainerRemoveChild(ServerLifecycleListener.java:1246)
	at org.apache.catalina.mbeans.ServerLifecycleListener.containerEvent(ServerLifecycleListener.java:105)
	at org.apache.catalina.core.ContainerBase.fireContainerEvent(ContainerBase.java:1410)
	at org.apache.catalina.core.ContainerBase.removeChild(ContainerBase.java:942)
	at org.apache.catalina.startup.HostConfig.undeployApps(HostConfig.java:1357)
	at org.apache.catalina.startup.HostConfig.stop(HostConfig.java:1328)
	at org.apache.catalina.startup.HostConfig.lifecycleEvent(HostConfig.java:326)
	at org.apache.catalina.util.LifecycleSupport.fireLifecycleEvent(LifecycleSupport.java:142)
	at org.apache.catalina.core.ContainerBase.stop(ContainerBase.java:1094)
	at org.apache.catalina.core.ContainerBase.stop(ContainerBase.java:1106)
	at org.apache.catalina.core.StandardEngine.stop(StandardEngine.java:468)
	at org.apache.catalina.core.StandardService.stop(StandardService.java:604)
	at org.apache.catalina.core.StandardServer.stop(StandardServer.java:788)
	at org.apache.catalina.startup.Catalina.stopServer(Catalina.java:408)
	at sun.reflect.NativeMethodAccessorImpl.invoke0(Native Method)
	at sun.reflect.NativeMethodAccessorImpl.invoke(NativeMethodAccessorImpl.java:39)
	at sun.reflect.DelegatingMethodAccessorImpl.invoke(DelegatingMethodAccessorImpl.java:25)
	at java.lang.reflect.Method.invoke(Method.java:597)
	at org.apache.catalina.startup.Bootstrap.stopServer(Bootstrap.java:338)
	at org.apache.catalina.startup.Bootstrap.main(Bootstrap.java:416)
2014-4-11 11:10:49 org.apache.coyote.http11.Http11AprProtocol destroy
信息: Stopping Coyote HTTP/1.1 on http-20134
2014-4-11 11:10:50 org.apache.coyote.ajp.AjpAprProtocol destroy
信息: Stopping Coyote AJP/1.3 on ajp-24134
2014-4-11 11:10:54 org.apache.catalina.core.AprLifecycleListener init
信息: Loaded APR based Apache Tomcat Native library 1.1.20.
2014-4-11 11:10:54 org.apache.catalina.core.AprLifecycleListener init
信息: APR capabilities: IPv6 [true], sendfile [true], accept filters [false], random [true].
2014-4-11 11:10:56 org.apache.coyote.http11.Http11AprProtocol init
信息: Initializing Coyote HTTP/1.1 on http-20134
2014-4-11 11:10:56 org.apache.coyote.ajp.AjpAprProtocol init
信息: Initializing Coyote AJP/1.3 on ajp-24134
2014-4-11 11:10:56 org.apache.catalina.startup.Catalina load
信息: Initialization processed in 2567 ms
2014-4-11 11:10:56 org.apache.catalina.core.StandardService start
信息: Starting service Catalina
2014-4-11 11:10:56 org.apache.catalina.core.StandardEngine start
信息: Starting Servlet Engine: Apache Tomcat/6.0.32
2014-4-11 11:10:56 org.apache.catalina.startup.HostConfig deployDirectory
信息: Deploying web application directory logs
2014-4-11 11:10:57 org.apache.catalina.startup.HostConfig deployDirectory
信息: Deploying web application directory ROOT
2014-4-11 11:10:58 org.apache.tomcat.util.modeler.Registry registerComponent
严重: Null component Catalina:type=JspMonitor,name=jsp,WebModule=//localhost/,J2EEApplication=none,J2EEServer=none
2014-4-11 11:10:58 org.apache.catalina.startup.HostConfig deployDirectory
严重: Error deploying web application directory ROOT
java.lang.UnsupportedClassVersionError: com/jeecms/common/web/XssFilter : Unsupported major.minor version 51.0 (unable to load class com.jeecms.common.web.XssFilter)
	at org.apache.catalina.loader.WebappClassLoader.findClassInternal(WebappClassLoader.java:2822)
	at org.apache.catalina.loader.WebappClassLoader.findClass(WebappClassLoader.java:1159)
	at org.apache.catalina.loader.WebappClassLoader.loadClass(WebappClassLoader.java:1647)
	at org.apache.catalina.loader.WebappClassLoader.loadClass(WebappClassLoader.java:1526)
	at org.apache.catalina.startup.WebAnnotationSet.loadClassAnnotation(WebAnnotationSet.java:145)
	at org.apache.catalina.startup.WebAnnotationSet.loadApplicationFilterAnnotations(WebAnnotationSet.java:84)
	at org.apache.catalina.startup.WebAnnotationSet.loadApplicationAnnotations(WebAnnotationSet.java:57)
	at org.apache.catalina.startup.ContextConfig.applicationAnnotationsConfig(ContextConfig.java:297)
	at org.apache.catalina.startup.ContextConfig.start(ContextConfig.java:1078)
	at org.apache.catalina.startup.ContextConfig.lifecycleEvent(ContextConfig.java:261)
	at org.apache.catalina.util.LifecycleSupport.fireLifecycleEvent(LifecycleSupport.java:142)
	at org.apache.catalina.core.StandardContext.start(StandardContext.java:4611)
	at org.apache.catalina.core.ContainerBase.addChildInternal(ContainerBase.java:799)
	at org.apache.catalina.core.ContainerBase.addChild(ContainerBase.java:779)
	at org.apache.catalina.core.StandardHost.addChild(StandardHost.java:601)
	at org.apache.catalina.startup.HostConfig.deployDirectory(HostConfig.java:1079)
	at org.apache.catalina.startup.HostConfig.deployDirectories(HostConfig.java:1002)
	at org.apache.catalina.startup.HostConfig.deployApps(HostConfig.java:506)
	at org.apache.catalina.startup.HostConfig.start(HostConfig.java:1315)
	at org.apache.catalina.startup.HostConfig.lifecycleEvent(HostConfig.java:324)
	at org.apache.catalina.util.LifecycleSupport.fireLifecycleEvent(LifecycleSupport.java:142)
	at org.apache.catalina.core.ContainerBase.start(ContainerBase.java:1061)
	at org.apache.catalina.core.StandardHost.start(StandardHost.java:840)
	at org.apache.catalina.core.ContainerBase.start(ContainerBase.java:1053)
	at org.apache.catalina.core.StandardEngine.start(StandardEngine.java:463)
	at org.apache.catalina.core.StandardService.start(StandardService.java:525)
	at org.apache.catalina.core.StandardServer.start(StandardServer.java:754)
	at org.apache.catalina.startup.Catalina.start(Catalina.java:595)
	at sun.reflect.NativeMethodAccessorImpl.invoke0(Native Method)
	at sun.reflect.NativeMethodAccessorImpl.invoke(NativeMethodAccessorImpl.java:39)
	at sun.reflect.DelegatingMethodAccessorImpl.invoke(DelegatingMethodAccessorImpl.java:25)
	at java.lang.reflect.Method.invoke(Method.java:597)
	at org.apache.catalina.startup.Bootstrap.start(Bootstrap.java:289)
	at org.apache.catalina.startup.Bootstrap.main(Bootstrap.java:414)
2014-4-11 11:10:58 org.apache.coyote.http11.Http11AprProtocol start
信息: Starting Coyote HTTP/1.1 on http-20134
2014-4-11 11:10:58 org.apache.coyote.ajp.AjpAprProtocol start
信息: Starting Coyote AJP/1.3 on ajp-24134
2014-4-11 11:10:58 org.apache.catalina.startup.Catalina start
信息: Server startup in 1943 ms
